Using pre-set license
Built from '2020.3/staging' branch; Version is '2020.3.19f1 (68f137dc9bbe) revision 6877495'; Using compiler version '192528614'; Build Type 'Release'
OS: 'Windows 10 Home; OS build 22000.556; Version 2009; 64bit' Language: 'zh' Physical Memory: 16215 MB
BatchMode: 1, IsHumanControllingUs: 0, StartBugReporterOnCrash: 0, Is64bit: 1, IsPro: 0

COMMAND LINE ARGUMENTS:
C:\Program Files\Unity\Hub\Editor\2020.3.19f1\Editor\Unity.exe
-adb2
-batchMode
-noUpm
-name
AssetImportWorker0
-projectPath
D:/unityClone/Dinosaur_Jump_game/Dinosaur_game/GoogleChrome Dinosaur Game
-logFile
Logs/AssetImportWorker0.log
-srvPort
57430
Successfully changed project path to: D:/unityClone/Dinosaur_Jump_game/Dinosaur_game/GoogleChrome Dinosaur Game
D:/unityClone/Dinosaur_Jump_game/Dinosaur_game/GoogleChrome Dinosaur Game
Using Asset Import Pipeline V2.
Refreshing native plugins compatible for Editor in 111.56 ms, found 3 plugins.
Preloading 0 native plugins for Editor in 0.00 ms.
Initialize engine version: 2020.3.19f1 (68f137dc9bbe)
[Subsystems] Discovering subsystems at path C:/Program Files/Unity/Hub/Editor/2020.3.19f1/Editor/Data/Resources/UnitySubsystems
[Subsystems] Discovering subsystems at path D:/unityClone/Dinosaur_Jump_game/Dinosaur_game/GoogleChrome Dinosaur Game/Assets
GfxDevice: creating device client; threaded=0
Direct3D:
    Version:  Direct3D 11.0 [level 11.1]
    Renderer: NVIDIA GeForce RTX 3060 Laptop GPU (ID=0x2520)
    Vendor:   
    VRAM:     6023 MB
    Driver:   30.0.14.9613
Initialize mono
Mono path[0] = 'C:/Program Files/Unity/Hub/Editor/2020.3.19f1/Editor/Data/Managed'
Mono path[1] = 'C:/Program Files/Unity/Hub/Editor/2020.3.19f1/Editor/Data/MonoBleedingEdge/lib/mono/unityjit'
Mono config path = 'C:/Program Files/Unity/Hub/Editor/2020.3.19f1/Editor/Data/MonoBleedingEdge/etc'
Using monoOptions --debugger-agent=transport=dt_socket,embedding=1,server=y,suspend=n,address=127.0.0.1:56884
Begin MonoManager ReloadAssembly
Registering precompiled unity dll's ...
Register platform support module: C:/Program Files/Unity/Hub/Editor/2020.3.19f1/Editor/Data/PlaybackEngines/WebGLSupport/UnityEditor.WebGL.Extensions.dll
Register platform support module: C:/Program Files/Unity/Hub/Editor/2020.3.19f1/Editor/Data/PlaybackEngines/WindowsStandaloneSupport/UnityEditor.WindowsStandalone.Extensions.dll
Registered in 0.003998 seconds.
Native extension for WindowsStandalone target not found
Native extension for WebGL target not found
Refreshing native plugins compatible for Editor in 134.01 ms, found 3 plugins.
Preloading 0 native plugins for Editor in 0.00 ms.
Mono: successfully reloaded assembly
- Completed reload, in  4.659 seconds
Domain Reload Profiling:
	ReloadAssembly (4661ms)
		BeginReloadAssembly (135ms)
			ExecutionOrderSort (0ms)
			DisableScriptedObjects (0ms)
			BackupInstance (0ms)
			ReleaseScriptingObjects (0ms)
			CreateAndSetChildDomain (2ms)
		EndReloadAssembly (1393ms)
			LoadAssemblies (131ms)
			RebuildTransferFunctionScriptingTraits (0ms)
			SetupTypeCache (509ms)
			ReleaseScriptCaches (0ms)
			RebuildScriptCaches (109ms)
			SetupLoadedEditorAssemblies (535ms)
				LogAssemblyErrors (0ms)
				InitializePlatformSupportModulesInManaged (12ms)
				SetLoadedEditorAssemblies (1ms)
				RefreshPlugins (134ms)
				BeforeProcessingInitializeOnLoad (59ms)
				ProcessInitializeOnLoadAttributes (259ms)
				ProcessInitializeOnLoadMethodAttributes (70ms)
				AfterProcessingInitializeOnLoad (0ms)
				EditorAssembliesLoaded (1ms)
			ExecutionOrderSort2 (0ms)
			AwakeInstancesAfterBackupRestoration (0ms)
Platform modules already initialized, skipping
Registering precompiled user dll's ...
Registered in 0.004434 seconds.
Begin MonoManager ReloadAssembly
Native extension for WindowsStandalone target not found
Native extension for WebGL target not found
Refreshing native plugins compatible for Editor in 125.86 ms, found 3 plugins.
Preloading 0 native plugins for Editor in 0.00 ms.
Mono: successfully reloaded assembly
- Completed reload, in  3.466 seconds
Domain Reload Profiling:
	ReloadAssembly (3469ms)
		BeginReloadAssembly (421ms)
			ExecutionOrderSort (0ms)
			DisableScriptedObjects (11ms)
			BackupInstance (0ms)
			ReleaseScriptingObjects (0ms)
			CreateAndSetChildDomain (67ms)
		EndReloadAssembly (2864ms)
			LoadAssemblies (264ms)
			RebuildTransferFunctionScriptingTraits (0ms)
			SetupTypeCache (1003ms)
			ReleaseScriptCaches (1ms)
			RebuildScriptCaches (143ms)
			SetupLoadedEditorAssemblies (1062ms)
				LogAssemblyErrors (0ms)
				InitializePlatformSupportModulesInManaged (17ms)
				SetLoadedEditorAssemblies (0ms)
				RefreshPlugins (126ms)
				BeforeProcessingInitializeOnLoad (220ms)
				ProcessInitializeOnLoadAttributes (628ms)
				ProcessInitializeOnLoadMethodAttributes (57ms)
				AfterProcessingInitializeOnLoad (14ms)
				EditorAssembliesLoaded (1ms)
			ExecutionOrderSort2 (0ms)
			AwakeInstancesAfterBackupRestoration (21ms)
Platform modules already initialized, skipping
========================================================================
Worker process is ready to serve import requests
Launched and connected shader compiler UnityShaderCompiler.exe after 0.12 seconds
Refreshing native plugins compatible for Editor in 5.05 ms, found 3 plugins.
Preloading 0 native plugins for Editor in 0.00 ms.
Unloading 2091 Unused Serialized files (Serialized files now loaded: 0)
System memory in use before: 93.1 MB.
System memory in use after: 93.1 MB.

Unloading 26 unused Assets to reduce memory usage. Loaded Objects now: 2530.
Total: 7.668200 ms (FindLiveObjects: 0.373200 ms CreateObjectMapping: 0.209700 ms MarkObjects: 6.694800 ms  DeleteObjects: 0.385400 ms)

AssetImportParameters requested are different than current active one (requested -> active):
  custom:framework-win-MediaFoundation: 216162199b28c13a410421893ffa2e32 -> 
  custom:video-decoder-ogg-theora: a1e56fd34408186e4bbccfd4996cb3dc -> 
  custom:container-muxer-webm: aa71ff27fc2769a1b78a27578f13a17b -> 
  custom:container-demuxer-webm: 4f35f7cbe854078d1ac9338744f61a02 -> 
  custom:container-demuxer-ogg: 62fdf1f143b41e24485cea50d1cbac27 -> 
  custom:video-encoder-webm-vp8: eb34c28f22e8b96e1ab97ce403110664 -> 
  custom:video-decoder-webm-vp8: 9c59270c3fd7afecdb556c50c9e8de78 -> 
  custom:audio-decoder-ogg-vorbis: bf7c407c2cedff20999df2af8eb42d56 -> 
  custom:audio-encoder-webm-vorbis: bf7c407c2cedff20999df2af8eb42d56 -> 
========================================================================
Received Import Request.
  path: Assets/Scenes/Dinosaur Sprite.png
  artifactKey: Guid(f417f56c39d548f4491d6c6c7acef644) Importer(815301076,1909f56bfc062723c751e8b465ee728b)
Start importing Assets/Scenes/Dinosaur Sprite.png using Guid(f417f56c39d548f4491d6c6c7acef644) Importer(815301076,1909f56bfc062723c751e8b465ee728b)  -> (artifact id: 'a8e6dcda1d4f44eba9a70207277cbb36') in 0.362821 seconds 
  Import took 0.374224 seconds .

========================================================================
Received Import Request.
  Time since last request: 35.707902 seconds.
  path: Assets/Scenes/Dinosaur Sprite.png
  artifactKey: Guid(f417f56c39d548f4491d6c6c7acef644) Importer(815301076,1909f56bfc062723c751e8b465ee728b)
Start importing Assets/Scenes/Dinosaur Sprite.png using Guid(f417f56c39d548f4491d6c6c7acef644) Importer(815301076,1909f56bfc062723c751e8b465ee728b)  -> (artifact id: 'b90a7be5514f599e6d3c2f2421709c1e') in 0.038097 seconds 
  Import took 0.053371 seconds .

========================================================================
Received Import Request.
  Time since last request: 20.075676 seconds.
  path: Assets/Scenes/Dinosaur Sprite.png
  artifactKey: Guid(f417f56c39d548f4491d6c6c7acef644) Importer(815301076,1909f56bfc062723c751e8b465ee728b)
Start importing Assets/Scenes/Dinosaur Sprite.png using Guid(f417f56c39d548f4491d6c6c7acef644) Importer(815301076,1909f56bfc062723c751e8b465ee728b)  -> (artifact id: '762f5c3d1af8779546dcd6fcdcc6c949') in 0.035028 seconds 
  Import took 0.044094 seconds .

========================================================================
Received Import Request.
  Time since last request: 35.497775 seconds.
  path: Assets/Scenes/Dinosaur Sprite.png
  artifactKey: Guid(f417f56c39d548f4491d6c6c7acef644) Importer(815301076,1909f56bfc062723c751e8b465ee728b)
Start importing Assets/Scenes/Dinosaur Sprite.png using Guid(f417f56c39d548f4491d6c6c7acef644) Importer(815301076,1909f56bfc062723c751e8b465ee728b)  -> (artifact id: '4beccf910816bc1bd09a7b3f0a1dbac2') in 0.196795 seconds 
  Import took 0.204242 seconds .

========================================================================
Received Import Request.
  Time since last request: 57.859609 seconds.
  path: Assets/Scenes/Dinosaur Sprite.png
  artifactKey: Guid(f417f56c39d548f4491d6c6c7acef644) Importer(815301076,1909f56bfc062723c751e8b465ee728b)
Start importing Assets/Scenes/Dinosaur Sprite.png using Guid(f417f56c39d548f4491d6c6c7acef644) Importer(815301076,1909f56bfc062723c751e8b465ee728b)  -> (artifact id: 'ee663004118cd4ec6506b3d0572d5805') in 0.199780 seconds 
  Import took 0.210358 seconds .

AssetImportWorkerClient::OnTransportError - code=2 error=End of file
